<?xml version="1.0" encoding="UTF-8"?>
<testsuite xmlns:xsi="http://www.w3.org/2001/XMLSchema-instance" xsi:noNamespaceSchemaLocation="https://maven.apache.org/surefire/maven-surefire-plugin/xsd/surefire-test-report.xsd" name="rho.challenge.sportsbook.model.BetTest" time="0.001" tests="2" errors="0" skipped="0" failures="0">
  <properties>
    <property name="sun.desktop" value="gnome"/>
    <property name="awt.toolkit" value="sun.awt.X11.XToolkit"/>
    <property name="file.encoding.pkg" value="sun.io"/>
    <property name="java.specification.version" value="1.8"/>
    <property name="sun.cpu.isalist" value=""/>
    <property name="sun.jnu.encoding" value="UTF-8"/>
    <property name="java.class.path" value="/home/anacruz/Desktop/Challenge_RHO/sportsbook/target/test-classes:/home/anacruz/Desktop/Challenge_RHO/sportsbook/target/classes:/home/anacruz/.m2/repository/org/springframework/boot/spring-boot-starter-websocket/2.3.3.RELEASE/spring-boot-starter-websocket-2.3.3.RELEASE.jar:/home/anacruz/.m2/repository/org/springframework/boot/spring-boot-starter-web/2.3.3.RELEASE/spring-boot-starter-web-2.3.3.RELEASE.jar:/home/anacruz/.m2/repository/org/springframework/boot/spring-boot-starter-json/2.3.3.RELEASE/spring-boot-starter-json-2.3.3.RELEASE.jar:/home/anacruz/.m2/repository/com/fasterxml/jackson/datatype/jackson-datatype-jdk8/2.11.2/jackson-datatype-jdk8-2.11.2.jar:/home/anacruz/.m2/repository/com/fasterxml/jackson/datatype/jackson-datatype-jsr310/2.11.2/jackson-datatype-jsr310-2.11.2.jar:/home/anacruz/.m2/repository/com/fasterxml/jackson/module/jackson-module-parameter-names/2.11.2/jackson-module-parameter-names-2.11.2.jar:/home/anacruz/.m2/repository/org/springframework/boot/spring-boot-starter-tomcat/2.3.3.RELEASE/spring-boot-starter-tomcat-2.3.3.RELEASE.jar:/home/anacruz/.m2/repository/org/apache/tomcat/embed/tomcat-embed-core/9.0.37/tomcat-embed-core-9.0.37.jar:/home/anacruz/.m2/repository/org/glassfish/jakarta.el/3.0.3/jakarta.el-3.0.3.jar:/home/anacruz/.m2/repository/org/apache/tomcat/embed/tomcat-embed-websocket/9.0.37/tomcat-embed-websocket-9.0.37.jar:/home/anacruz/.m2/repository/org/springframework/spring-webmvc/5.2.8.RELEASE/spring-webmvc-5.2.8.RELEASE.jar:/home/anacruz/.m2/repository/org/springframework/spring-websocket/5.2.2.RELEASE/spring-websocket-5.2.2.RELEASE.jar:/home/anacruz/.m2/repository/org/springframework/spring-context/5.2.8.RELEASE/spring-context-5.2.8.RELEASE.jar:/home/anacruz/.m2/repository/org/springframework/spring-aop/5.2.8.RELEASE/spring-aop-5.2.8.RELEASE.jar:/home/anacruz/.m2/repository/org/springframework/spring-expression/5.2.8.RELEASE/spring-expression-5.2.8.RELEASE.jar:/home/anacruz/.m2/repository/org/springframework/spring-core/5.2.8.RELEASE/spring-core-5.2.8.RELEASE.jar:/home/anacruz/.m2/repository/org/springframework/spring-jcl/5.2.8.RELEASE/spring-jcl-5.2.8.RELEASE.jar:/home/anacruz/.m2/repository/org/springframework/spring-web/5.2.8.RELEASE/spring-web-5.2.8.RELEASE.jar:/home/anacruz/.m2/repository/org/springframework/boot/spring-boot-starter-test/2.3.3.RELEASE/spring-boot-starter-test-2.3.3.RELEASE.jar:/home/anacruz/.m2/repository/org/springframework/boot/spring-boot-starter/2.3.3.RELEASE/spring-boot-starter-2.3.3.RELEASE.jar:/home/anacruz/.m2/repository/org/springframework/boot/spring-boot-starter-logging/2.3.3.RELEASE/spring-boot-starter-logging-2.3.3.RELEASE.jar:/home/anacruz/.m2/repository/ch/qos/logback/logback-classic/1.2.3/logback-classic-1.2.3.jar:/home/anacruz/.m2/repository/ch/qos/logback/logback-core/1.2.3/logback-core-1.2.3.jar:/home/anacruz/.m2/repository/org/apache/logging/log4j/log4j-to-slf4j/2.13.3/log4j-to-slf4j-2.13.3.jar:/home/anacruz/.m2/repository/org/apache/logging/log4j/log4j-api/2.13.3/log4j-api-2.13.3.jar:/home/anacruz/.m2/repository/org/slf4j/jul-to-slf4j/1.7.30/jul-to-slf4j-1.7.30.jar:/home/anacruz/.m2/repository/jakarta/annotation/jakarta.annotation-api/1.3.5/jakarta.annotation-api-1.3.5.jar:/home/anacruz/.m2/repository/org/yaml/snakeyaml/1.26/snakeyaml-1.26.jar:/home/anacruz/.m2/repository/org/springframework/boot/spring-boot-test/2.3.3.RELEASE/spring-boot-test-2.3.3.RELEASE.jar:/home/anacruz/.m2/repository/org/springframework/boot/spring-boot-test-autoconfigure/2.3.3.RELEASE/spring-boot-test-autoconfigure-2.3.3.RELEASE.jar:/home/anacruz/.m2/repository/com/jayway/jsonpath/json-path/2.4.0/json-path-2.4.0.jar:/home/anacruz/.m2/repository/org/slf4j/slf4j-api/1.7.30/slf4j-api-1.7.30.jar:/home/anacruz/.m2/repository/jakarta/xml/bind/jakarta.xml.bind-api/2.3.3/jakarta.xml.bind-api-2.3.3.jar:/home/anacruz/.m2/repository/org/assertj/assertj-core/3.16.1/assertj-core-3.16.1.jar:/home/anacruz/.m2/repository/org/hamcrest/hamcrest/2.2/hamcrest-2.2.jar:/home/anacruz/.m2/repository/org/junit/jupiter/junit-jupiter/5.6.2/junit-jupiter-5.6.2.jar:/home/anacruz/.m2/repository/org/junit/jupiter/junit-jupiter-params/5.6.2/junit-jupiter-params-5.6.2.jar:/home/anacruz/.m2/repository/org/junit/jupiter/junit-jupiter-engine/5.6.2/junit-jupiter-engine-5.6.2.jar:/home/anacruz/.m2/repository/org/mockito/mockito-core/3.3.3/mockito-core-3.3.3.jar:/home/anacruz/.m2/repository/net/bytebuddy/byte-buddy/1.10.14/byte-buddy-1.10.14.jar:/home/anacruz/.m2/repository/net/bytebuddy/byte-buddy-agent/1.10.14/byte-buddy-agent-1.10.14.jar:/home/anacruz/.m2/repository/org/objenesis/objenesis/2.6/objenesis-2.6.jar:/home/anacruz/.m2/repository/org/skyscreamer/jsonassert/1.5.0/jsonassert-1.5.0.jar:/home/anacruz/.m2/repository/com/vaadin/external/google/android-json/0.0.20131108.vaadin1/android-json-0.0.20131108.vaadin1.jar:/home/anacruz/.m2/repository/org/springframework/spring-test/5.2.8.RELEASE/spring-test-5.2.8.RELEASE.jar:/home/anacruz/.m2/repository/org/xmlunit/xmlunit-core/2.7.0/xmlunit-core-2.7.0.jar:/home/anacruz/.m2/repository/org/projectlombok/lombok/1.16.20/lombok-1.16.20.jar:/home/anacruz/.m2/repository/org/springframework/boot/spring-boot-devtools/2.3.3.RELEASE/spring-boot-devtools-2.3.3.RELEASE.jar:/home/anacruz/.m2/repository/org/springframework/boot/spring-boot/2.3.3.RELEASE/spring-boot-2.3.3.RELEASE.jar:/home/anacruz/.m2/repository/org/springframework/boot/spring-boot-autoconfigure/2.3.3.RELEASE/spring-boot-autoconfigure-2.3.3.RELEASE.jar:/home/anacruz/.m2/repository/org/springframework/boot/spring-boot-starter-thymeleaf/2.3.3.RELEASE/spring-boot-starter-thymeleaf-2.3.3.RELEASE.jar:/home/anacruz/.m2/repository/org/thymeleaf/thymeleaf-spring5/3.0.11.RELEASE/thymeleaf-spring5-3.0.11.RELEASE.jar:/home/anacruz/.m2/repository/org/thymeleaf/thymeleaf/3.0.11.RELEASE/thymeleaf-3.0.11.RELEASE.jar:/home/anacruz/.m2/repository/org/attoparser/attoparser/2.0.5.RELEASE/attoparser-2.0.5.RELEASE.jar:/home/anacruz/.m2/repository/org/unbescape/unbescape/1.1.6.RELEASE/unbescape-1.1.6.RELEASE.jar:/home/anacruz/.m2/repository/org/thymeleaf/extras/thymeleaf-extras-java8time/3.0.4.RELEASE/thymeleaf-extras-java8time-3.0.4.RELEASE.jar:/home/anacruz/.m2/repository/org/springframework/boot/spring-boot-starter-data-jpa/2.2.6.RELEASE/spring-boot-starter-data-jpa-2.2.6.RELEASE.jar:/home/anacruz/.m2/repository/org/springframework/boot/spring-boot-starter-aop/2.3.3.RELEASE/spring-boot-starter-aop-2.3.3.RELEASE.jar:/home/anacruz/.m2/repository/org/aspectj/aspectjweaver/1.9.6/aspectjweaver-1.9.6.jar:/home/anacruz/.m2/repository/org/springframework/boot/spring-boot-starter-jdbc/2.3.3.RELEASE/spring-boot-starter-jdbc-2.3.3.RELEASE.jar:/home/anacruz/.m2/repository/com/zaxxer/HikariCP/3.4.5/HikariCP-3.4.5.jar:/home/anacruz/.m2/repository/org/springframework/spring-jdbc/5.2.8.RELEASE/spring-jdbc-5.2.8.RELEASE.jar:/home/anacruz/.m2/repository/jakarta/activation/jakarta.activation-api/1.2.2/jakarta.activation-api-1.2.2.jar:/home/anacruz/.m2/repository/jakarta/persistence/jakarta.persistence-api/2.2.3/jakarta.persistence-api-2.2.3.jar:/home/anacruz/.m2/repository/jakarta/transaction/jakarta.transaction-api/1.3.3/jakarta.transaction-api-1.3.3.jar:/home/anacruz/.m2/repository/org/hibernate/hibernate-core/5.4.20.Final/hibernate-core-5.4.20.Final.jar:/home/anacruz/.m2/repository/org/jboss/logging/jboss-logging/3.4.1.Final/jboss-logging-3.4.1.Final.jar:/home/anacruz/.m2/repository/org/javassist/javassist/3.24.0-GA/javassist-3.24.0-GA.jar:/home/anacruz/.m2/repository/antlr/antlr/2.7.7/antlr-2.7.7.jar:/home/anacruz/.m2/repository/org/jboss/jandex/2.1.3.Final/jandex-2.1.3.Final.jar:/home/anacruz/.m2/repository/com/fasterxml/classmate/1.5.1/classmate-1.5.1.jar:/home/anacruz/.m2/repository/org/dom4j/dom4j/2.1.3/dom4j-2.1.3.jar:/home/anacruz/.m2/repository/org/hibernate/common/hibernate-commons-annotations/5.1.0.Final/hibernate-commons-annotations-5.1.0.Final.jar:/home/anacruz/.m2/repository/org/glassfish/jaxb/jaxb-runtime/2.3.3/jaxb-runtime-2.3.3.jar:/home/anacruz/.m2/repository/org/glassfish/jaxb/txw2/2.3.3/txw2-2.3.3.jar:/home/anacruz/.m2/repository/com/sun/istack/istack-commons-runtime/3.0.11/istack-commons-runtime-3.0.11.jar:/home/anacruz/.m2/repository/com/sun/activation/jakarta.activation/1.2.2/jakarta.activation-1.2.2.jar:/home/anacruz/.m2/repository/org/springframework/data/spring-data-jpa/2.3.3.RELEASE/spring-data-jpa-2.3.3.RELEASE.jar:/home/anacruz/.m2/repository/org/springframework/data/spring-data-commons/2.3.3.RELEASE/spring-data-commons-2.3.3.RELEASE.jar:/home/anacruz/.m2/repository/org/springframework/spring-orm/5.2.8.RELEASE/spring-orm-5.2.8.RELEASE.jar:/home/anacruz/.m2/repository/org/springframework/spring-tx/5.2.8.RELEASE/spring-tx-5.2.8.RELEASE.jar:/home/anacruz/.m2/repository/org/springframework/spring-aspects/5.2.8.RELEASE/spring-aspects-5.2.8.RELEASE.jar:/home/anacruz/.m2/repository/com/google/code/gson/gson/2.8.5/gson-2.8.5.jar:/home/anacruz/.m2/repository/org/webjars/sockjs-client/1.0.2/sockjs-client-1.0.2.jar:/home/anacruz/.m2/repository/org/webjars/stomp-websocket/2.3.3/stomp-websocket-2.3.3.jar:/home/anacruz/.m2/repository/org/webjars/bootstrap/3.3.7/bootstrap-3.3.7.jar:/home/anacruz/.m2/repository/org/webjars/jquery/3.1.1-1/jquery-3.1.1-1.jar:/home/anacruz/.m2/repository/org/webjars/webjars-locator/0.30/webjars-locator-0.30.jar:/home/anacruz/.m2/repository/org/webjars/webjars-locator-core/0.45/webjars-locator-core-0.45.jar:/home/anacruz/.m2/repository/io/github/classgraph/classgraph/4.8.69/classgraph-4.8.69.jar:/home/anacruz/.m2/repository/org/apache/commons/commons-lang3/3.10/commons-lang3-3.10.jar:/home/anacruz/.m2/repository/org/postgresql/postgresql/42.2.14/postgresql-42.2.14.jar:/home/anacruz/.m2/repository/net/minidev/json-smart/2.3/json-smart-2.3.jar:/home/anacruz/.m2/repository/net/minidev/accessors-smart/1.2/accessors-smart-1.2.jar:/home/anacruz/.m2/repository/org/ow2/asm/asm/5.0.4/asm-5.0.4.jar:/home/anacruz/.m2/repository/org/springframework/spring-messaging/5.2.2.RELEASE/spring-messaging-5.2.2.RELEASE.jar:/home/anacruz/.m2/repository/org/springframework/spring-beans/5.2.8.RELEASE/spring-beans-5.2.8.RELEASE.jar:/home/anacruz/.m2/repository/com/fasterxml/jackson/core/jackson-core/2.10.2/jackson-core-2.10.2.jar:/home/anacruz/.m2/repository/com/fasterxml/jackson/core/jackson-databind/2.10.2/jackson-databind-2.10.2.jar:/home/anacruz/.m2/repository/com/fasterxml/jackson/core/jackson-annotations/2.11.2/jackson-annotations-2.11.2.jar:/home/anacruz/.m2/repository/org/junit/platform/junit-platform-runner/1.2.0/junit-platform-runner-1.2.0.jar:/home/anacruz/.m2/repository/org/apiguardian/apiguardian-api/1.0.0/apiguardian-api-1.0.0.jar:/home/anacruz/.m2/repository/org/junit/platform/junit-platform-launcher/1.6.2/junit-platform-launcher-1.6.2.jar:/home/anacruz/.m2/repository/org/junit/platform/junit-platform-suite-api/1.6.2/junit-platform-suite-api-1.6.2.jar:/home/anacruz/.m2/repository/org/junit/vintage/junit-vintage-engine/5.2.0/junit-vintage-engine-5.2.0.jar:/home/anacruz/.m2/repository/org/junit/platform/junit-platform-engine/1.6.2/junit-platform-engine-1.6.2.jar:/home/anacruz/.m2/repository/org/opentest4j/opentest4j/1.2.0/opentest4j-1.2.0.jar:/home/anacruz/.m2/repository/org/junit/platform/junit-platform-commons/1.6.2/junit-platform-commons-1.6.2.jar:/home/anacruz/.m2/repository/org/mockito/mockito-junit-jupiter/2.23.0/mockito-junit-jupiter-2.23.0.jar:/home/anacruz/.m2/repository/org/junit/jupiter/junit-jupiter-api/5.6.2/junit-jupiter-api-5.6.2.jar:/home/anacruz/.m2/repository/junit/junit/4.13/junit-4.13.jar:/home/anacruz/.m2/repository/org/hamcrest/hamcrest-core/2.2/hamcrest-core-2.2.jar:"/>
    <property name="java.vm.vendor" value="Private Build"/>
    <property name="sun.arch.data.model" value="64"/>
    <property name="java.vendor.url" value="http://java.oracle.com/"/>
    <property name="user.timezone" value=""/>
    <property name="user.country.format" value="PT"/>
    <property name="java.vm.specification.version" value="1.8"/>
    <property name="os.name" value="Linux"/>
    <property name="user.country" value="US"/>
    <property name="sun.java.launcher" value="SUN_STANDARD"/>
    <property name="sun.boot.library.path" value="/usr/lib/jvm/java-8-openjdk-amd64/jre/lib/amd64"/>
    <property name="sun.java.command" value="/home/anacruz/Desktop/Challenge_RHO/sportsbook/target/surefire/surefirebooter3489594627967466499.jar /home/anacruz/Desktop/Challenge_RHO/sportsbook/target/surefire 2020-08-28T13-23-15_789-jvmRun1 surefire7690947037290129667tmp surefire_08149101153678825474tmp"/>
    <property name="surefire.test.class.path" value="/home/anacruz/Desktop/Challenge_RHO/sportsbook/target/test-classes:/home/anacruz/Desktop/Challenge_RHO/sportsbook/target/classes:/home/anacruz/.m2/repository/org/springframework/boot/spring-boot-starter-websocket/2.3.3.RELEASE/spring-boot-starter-websocket-2.3.3.RELEASE.jar:/home/anacruz/.m2/repository/org/springframework/boot/spring-boot-starter-web/2.3.3.RELEASE/spring-boot-starter-web-2.3.3.RELEASE.jar:/home/anacruz/.m2/repository/org/springframework/boot/spring-boot-starter-json/2.3.3.RELEASE/spring-boot-starter-json-2.3.3.RELEASE.jar:/home/anacruz/.m2/repository/com/fasterxml/jackson/datatype/jackson-datatype-jdk8/2.11.2/jackson-datatype-jdk8-2.11.2.jar:/home/anacruz/.m2/repository/com/fasterxml/jackson/datatype/jackson-datatype-jsr310/2.11.2/jackson-datatype-jsr310-2.11.2.jar:/home/anacruz/.m2/repository/com/fasterxml/jackson/module/jackson-module-parameter-names/2.11.2/jackson-module-parameter-names-2.11.2.jar:/home/anacruz/.m2/repository/org/springframework/boot/spring-boot-starter-tomcat/2.3.3.RELEASE/spring-boot-starter-tomcat-2.3.3.RELEASE.jar:/home/anacruz/.m2/repository/org/apache/tomcat/embed/tomcat-embed-core/9.0.37/tomcat-embed-core-9.0.37.jar:/home/anacruz/.m2/repository/org/glassfish/jakarta.el/3.0.3/jakarta.el-3.0.3.jar:/home/anacruz/.m2/repository/org/apache/tomcat/embed/tomcat-embed-websocket/9.0.37/tomcat-embed-websocket-9.0.37.jar:/home/anacruz/.m2/repository/org/springframework/spring-webmvc/5.2.8.RELEASE/spring-webmvc-5.2.8.RELEASE.jar:/home/anacruz/.m2/repository/org/springframework/spring-websocket/5.2.2.RELEASE/spring-websocket-5.2.2.RELEASE.jar:/home/anacruz/.m2/repository/org/springframework/spring-context/5.2.8.RELEASE/spring-context-5.2.8.RELEASE.jar:/home/anacruz/.m2/repository/org/springframework/spring-aop/5.2.8.RELEASE/spring-aop-5.2.8.RELEASE.jar:/home/anacruz/.m2/repository/org/springframework/spring-expression/5.2.8.RELEASE/spring-expression-5.2.8.RELEASE.jar:/home/anacruz/.m2/repository/org/springframework/spring-core/5.2.8.RELEASE/spring-core-5.2.8.RELEASE.jar:/home/anacruz/.m2/repository/org/springframework/spring-jcl/5.2.8.RELEASE/spring-jcl-5.2.8.RELEASE.jar:/home/anacruz/.m2/repository/org/springframework/spring-web/5.2.8.RELEASE/spring-web-5.2.8.RELEASE.jar:/home/anacruz/.m2/repository/org/springframework/boot/spring-boot-starter-test/2.3.3.RELEASE/spring-boot-starter-test-2.3.3.RELEASE.jar:/home/anacruz/.m2/repository/org/springframework/boot/spring-boot-starter/2.3.3.RELEASE/spring-boot-starter-2.3.3.RELEASE.jar:/home/anacruz/.m2/repository/org/springframework/boot/spring-boot-starter-logging/2.3.3.RELEASE/spring-boot-starter-logging-2.3.3.RELEASE.jar:/home/anacruz/.m2/repository/ch/qos/logback/logback-classic/1.2.3/logback-classic-1.2.3.jar:/home/anacruz/.m2/repository/ch/qos/logback/logback-core/1.2.3/logback-core-1.2.3.jar:/home/anacruz/.m2/repository/org/apache/logging/log4j/log4j-to-slf4j/2.13.3/log4j-to-slf4j-2.13.3.jar:/home/anacruz/.m2/repository/org/apache/logging/log4j/log4j-api/2.13.3/log4j-api-2.13.3.jar:/home/anacruz/.m2/repository/org/slf4j/jul-to-slf4j/1.7.30/jul-to-slf4j-1.7.30.jar:/home/anacruz/.m2/repository/jakarta/annotation/jakarta.annotation-api/1.3.5/jakarta.annotation-api-1.3.5.jar:/home/anacruz/.m2/repository/org/yaml/snakeyaml/1.26/snakeyaml-1.26.jar:/home/anacruz/.m2/repository/org/springframework/boot/spring-boot-test/2.3.3.RELEASE/spring-boot-test-2.3.3.RELEASE.jar:/home/anacruz/.m2/repository/org/springframework/boot/spring-boot-test-autoconfigure/2.3.3.RELEASE/spring-boot-test-autoconfigure-2.3.3.RELEASE.jar:/home/anacruz/.m2/repository/com/jayway/jsonpath/json-path/2.4.0/json-path-2.4.0.jar:/home/anacruz/.m2/repository/org/slf4j/slf4j-api/1.7.30/slf4j-api-1.7.30.jar:/home/anacruz/.m2/repository/jakarta/xml/bind/jakarta.xml.bind-api/2.3.3/jakarta.xml.bind-api-2.3.3.jar:/home/anacruz/.m2/repository/org/assertj/assertj-core/3.16.1/assertj-core-3.16.1.jar:/home/anacruz/.m2/repository/org/hamcrest/hamcrest/2.2/hamcrest-2.2.jar:/home/anacruz/.m2/repository/org/junit/jupiter/junit-jupiter/5.6.2/junit-jupiter-5.6.2.jar:/home/anacruz/.m2/repository/org/junit/jupiter/junit-jupiter-params/5.6.2/junit-jupiter-params-5.6.2.jar:/home/anacruz/.m2/repository/org/junit/jupiter/junit-jupiter-engine/5.6.2/junit-jupiter-engine-5.6.2.jar:/home/anacruz/.m2/repository/org/mockito/mockito-core/3.3.3/mockito-core-3.3.3.jar:/home/anacruz/.m2/repository/net/bytebuddy/byte-buddy/1.10.14/byte-buddy-1.10.14.jar:/home/anacruz/.m2/repository/net/bytebuddy/byte-buddy-agent/1.10.14/byte-buddy-agent-1.10.14.jar:/home/anacruz/.m2/repository/org/objenesis/objenesis/2.6/objenesis-2.6.jar:/home/anacruz/.m2/repository/org/skyscreamer/jsonassert/1.5.0/jsonassert-1.5.0.jar:/home/anacruz/.m2/repository/com/vaadin/external/google/android-json/0.0.20131108.vaadin1/android-json-0.0.20131108.vaadin1.jar:/home/anacruz/.m2/repository/org/springframework/spring-test/5.2.8.RELEASE/spring-test-5.2.8.RELEASE.jar:/home/anacruz/.m2/repository/org/xmlunit/xmlunit-core/2.7.0/xmlunit-core-2.7.0.jar:/home/anacruz/.m2/repository/org/projectlombok/lombok/1.16.20/lombok-1.16.20.jar:/home/anacruz/.m2/repository/org/springframework/boot/spring-boot-devtools/2.3.3.RELEASE/spring-boot-devtools-2.3.3.RELEASE.jar:/home/anacruz/.m2/repository/org/springframework/boot/spring-boot/2.3.3.RELEASE/spring-boot-2.3.3.RELEASE.jar:/home/anacruz/.m2/repository/org/springframework/boot/spring-boot-autoconfigure/2.3.3.RELEASE/spring-boot-autoconfigure-2.3.3.RELEASE.jar:/home/anacruz/.m2/repository/org/springframework/boot/spring-boot-starter-thymeleaf/2.3.3.RELEASE/spring-boot-starter-thymeleaf-2.3.3.RELEASE.jar:/home/anacruz/.m2/repository/org/thymeleaf/thymeleaf-spring5/3.0.11.RELEASE/thymeleaf-spring5-3.0.11.RELEASE.jar:/home/anacruz/.m2/repository/org/thymeleaf/thymeleaf/3.0.11.RELEASE/thymeleaf-3.0.11.RELEASE.jar:/home/anacruz/.m2/repository/org/attoparser/attoparser/2.0.5.RELEASE/attoparser-2.0.5.RELEASE.jar:/home/anacruz/.m2/repository/org/unbescape/unbescape/1.1.6.RELEASE/unbescape-1.1.6.RELEASE.jar:/home/anacruz/.m2/repository/org/thymeleaf/extras/thymeleaf-extras-java8time/3.0.4.RELEASE/thymeleaf-extras-java8time-3.0.4.RELEASE.jar:/home/anacruz/.m2/repository/org/springframework/boot/spring-boot-starter-data-jpa/2.2.6.RELEASE/spring-boot-starter-data-jpa-2.2.6.RELEASE.jar:/home/anacruz/.m2/repository/org/springframework/boot/spring-boot-starter-aop/2.3.3.RELEASE/spring-boot-starter-aop-2.3.3.RELEASE.jar:/home/anacruz/.m2/repository/org/aspectj/aspectjweaver/1.9.6/aspectjweaver-1.9.6.jar:/home/anacruz/.m2/repository/org/springframework/boot/spring-boot-starter-jdbc/2.3.3.RELEASE/spring-boot-starter-jdbc-2.3.3.RELEASE.jar:/home/anacruz/.m2/repository/com/zaxxer/HikariCP/3.4.5/HikariCP-3.4.5.jar:/home/anacruz/.m2/repository/org/springframework/spring-jdbc/5.2.8.RELEASE/spring-jdbc-5.2.8.RELEASE.jar:/home/anacruz/.m2/repository/jakarta/activation/jakarta.activation-api/1.2.2/jakarta.activation-api-1.2.2.jar:/home/anacruz/.m2/repository/jakarta/persistence/jakarta.persistence-api/2.2.3/jakarta.persistence-api-2.2.3.jar:/home/anacruz/.m2/repository/jakarta/transaction/jakarta.transaction-api/1.3.3/jakarta.transaction-api-1.3.3.jar:/home/anacruz/.m2/repository/org/hibernate/hibernate-core/5.4.20.Final/hibernate-core-5.4.20.Final.jar:/home/anacruz/.m2/repository/org/jboss/logging/jboss-logging/3.4.1.Final/jboss-logging-3.4.1.Final.jar:/home/anacruz/.m2/repository/org/javassist/javassist/3.24.0-GA/javassist-3.24.0-GA.jar:/home/anacruz/.m2/repository/antlr/antlr/2.7.7/antlr-2.7.7.jar:/home/anacruz/.m2/repository/org/jboss/jandex/2.1.3.Final/jandex-2.1.3.Final.jar:/home/anacruz/.m2/repository/com/fasterxml/classmate/1.5.1/classmate-1.5.1.jar:/home/anacruz/.m2/repository/org/dom4j/dom4j/2.1.3/dom4j-2.1.3.jar:/home/anacruz/.m2/repository/org/hibernate/common/hibernate-commons-annotations/5.1.0.Final/hibernate-commons-annotations-5.1.0.Final.jar:/home/anacruz/.m2/repository/org/glassfish/jaxb/jaxb-runtime/2.3.3/jaxb-runtime-2.3.3.jar:/home/anacruz/.m2/repository/org/glassfish/jaxb/txw2/2.3.3/txw2-2.3.3.jar:/home/anacruz/.m2/repository/com/sun/istack/istack-commons-runtime/3.0.11/istack-commons-runtime-3.0.11.jar:/home/anacruz/.m2/repository/com/sun/activation/jakarta.activation/1.2.2/jakarta.activation-1.2.2.jar:/home/anacruz/.m2/repository/org/springframework/data/spring-data-jpa/2.3.3.RELEASE/spring-data-jpa-2.3.3.RELEASE.jar:/home/anacruz/.m2/repository/org/springframework/data/spring-data-commons/2.3.3.RELEASE/spring-data-commons-2.3.3.RELEASE.jar:/home/anacruz/.m2/repository/org/springframework/spring-orm/5.2.8.RELEASE/spring-orm-5.2.8.RELEASE.jar:/home/anacruz/.m2/repository/org/springframework/spring-tx/5.2.8.RELEASE/spring-tx-5.2.8.RELEASE.jar:/home/anacruz/.m2/repository/org/springframework/spring-aspects/5.2.8.RELEASE/spring-aspects-5.2.8.RELEASE.jar:/home/anacruz/.m2/repository/com/google/code/gson/gson/2.8.5/gson-2.8.5.jar:/home/anacruz/.m2/repository/org/webjars/sockjs-client/1.0.2/sockjs-client-1.0.2.jar:/home/anacruz/.m2/repository/org/webjars/stomp-websocket/2.3.3/stomp-websocket-2.3.3.jar:/home/anacruz/.m2/repository/org/webjars/bootstrap/3.3.7/bootstrap-3.3.7.jar:/home/anacruz/.m2/repository/org/webjars/jquery/3.1.1-1/jquery-3.1.1-1.jar:/home/anacruz/.m2/repository/org/webjars/webjars-locator/0.30/webjars-locator-0.30.jar:/home/anacruz/.m2/repository/org/webjars/webjars-locator-core/0.45/webjars-locator-core-0.45.jar:/home/anacruz/.m2/repository/io/github/classgraph/classgraph/4.8.69/classgraph-4.8.69.jar:/home/anacruz/.m2/repository/org/apache/commons/commons-lang3/3.10/commons-lang3-3.10.jar:/home/anacruz/.m2/repository/org/postgresql/postgresql/42.2.14/postgresql-42.2.14.jar:/home/anacruz/.m2/repository/net/minidev/json-smart/2.3/json-smart-2.3.jar:/home/anacruz/.m2/repository/net/minidev/accessors-smart/1.2/accessors-smart-1.2.jar:/home/anacruz/.m2/repository/org/ow2/asm/asm/5.0.4/asm-5.0.4.jar:/home/anacruz/.m2/repository/org/springframework/spring-messaging/5.2.2.RELEASE/spring-messaging-5.2.2.RELEASE.jar:/home/anacruz/.m2/repository/org/springframework/spring-beans/5.2.8.RELEASE/spring-beans-5.2.8.RELEASE.jar:/home/anacruz/.m2/repository/com/fasterxml/jackson/core/jackson-core/2.10.2/jackson-core-2.10.2.jar:/home/anacruz/.m2/repository/com/fasterxml/jackson/core/jackson-databind/2.10.2/jackson-databind-2.10.2.jar:/home/anacruz/.m2/repository/com/fasterxml/jackson/core/jackson-annotations/2.11.2/jackson-annotations-2.11.2.jar:/home/anacruz/.m2/repository/org/junit/platform/junit-platform-runner/1.2.0/junit-platform-runner-1.2.0.jar:/home/anacruz/.m2/repository/org/apiguardian/apiguardian-api/1.0.0/apiguardian-api-1.0.0.jar:/home/anacruz/.m2/repository/org/junit/platform/junit-platform-launcher/1.6.2/junit-platform-launcher-1.6.2.jar:/home/anacruz/.m2/repository/org/junit/platform/junit-platform-suite-api/1.6.2/junit-platform-suite-api-1.6.2.jar:/home/anacruz/.m2/repository/org/junit/vintage/junit-vintage-engine/5.2.0/junit-vintage-engine-5.2.0.jar:/home/anacruz/.m2/repository/org/junit/platform/junit-platform-engine/1.6.2/junit-platform-engine-1.6.2.jar:/home/anacruz/.m2/repository/org/opentest4j/opentest4j/1.2.0/opentest4j-1.2.0.jar:/home/anacruz/.m2/repository/org/junit/platform/junit-platform-commons/1.6.2/junit-platform-commons-1.6.2.jar:/home/anacruz/.m2/repository/org/mockito/mockito-junit-jupiter/2.23.0/mockito-junit-jupiter-2.23.0.jar:/home/anacruz/.m2/repository/org/junit/jupiter/junit-jupiter-api/5.6.2/junit-jupiter-api-5.6.2.jar:/home/anacruz/.m2/repository/junit/junit/4.13/junit-4.13.jar:/home/anacruz/.m2/repository/org/hamcrest/hamcrest-core/2.2/hamcrest-core-2.2.jar:"/>
    <property name="sun.cpu.endian" value="little"/>
    <property name="user.home" value="/home/anacruz"/>
    <property name="user.language" value="en"/>
    <property name="java.specification.vendor" value="Oracle Corporation"/>
    <property name="java.home" value="/usr/lib/jvm/java-8-openjdk-amd64/jre"/>
    <property name="basedir" value="/home/anacruz/Desktop/Challenge_RHO/sportsbook"/>
    <property name="file.separator" value="/"/>
    <property name="line.separator" value="&#10;"/>
    <property name="java.vm.specification.vendor" value="Oracle Corporation"/>
    <property name="java.specification.name" value="Java Platform API Specification"/>
    <property name="java.awt.graphicsenv" value="sun.awt.X11GraphicsEnvironment"/>
    <property name="surefire.real.class.path" value="/home/anacruz/Desktop/Challenge_RHO/sportsbook/target/surefire/surefirebooter3489594627967466499.jar"/>
    <property name="sun.boot.class.path" value="/usr/lib/jvm/java-8-openjdk-amd64/jre/lib/resources.jar:/usr/lib/jvm/java-8-openjdk-amd64/jre/lib/rt.jar:/usr/lib/jvm/java-8-openjdk-amd64/jre/lib/sunrsasign.jar:/usr/lib/jvm/java-8-openjdk-amd64/jre/lib/jsse.jar:/usr/lib/jvm/java-8-openjdk-amd64/jre/lib/jce.jar:/usr/lib/jvm/java-8-openjdk-amd64/jre/lib/charsets.jar:/usr/lib/jvm/java-8-openjdk-amd64/jre/lib/jfr.jar:/usr/lib/jvm/java-8-openjdk-amd64/jre/classes"/>
    <property name="sun.management.compiler" value="HotSpot 64-Bit Tiered Compilers"/>
    <property name="java.runtime.version" value="1.8.0_265-8u265-b01-0ubuntu2~18.04-b01"/>
    <property name="user.name" value="anacruz"/>
    <property name="path.separator" value=":"/>
    <property name="os.version" value="5.4.0-42-generic"/>
    <property name="java.endorsed.dirs" value="/usr/lib/jvm/java-8-openjdk-amd64/jre/lib/endorsed"/>
    <property name="java.runtime.name" value="OpenJDK Runtime Environment"/>
    <property name="file.encoding" value="UTF-8"/>
    <property name="java.vm.name" value="OpenJDK 64-Bit Server VM"/>
    <property name="localRepository" value="/home/anacruz/.m2/repository"/>
    <property name="java.vendor.url.bug" value="http://bugreport.sun.com/bugreport/"/>
    <property name="java.io.tmpdir" value="/tmp"/>
    <property name="idea.version" value="2020.2.1"/>
    <property name="java.version" value="1.8.0_265"/>
    <property name="user.dir" value="/home/anacruz/Desktop/Challenge_RHO/sportsbook"/>
    <property name="os.arch" value="amd64"/>
    <property name="java.vm.specification.name" value="Java Virtual Machine Specification"/>
    <property name="java.awt.printerjob" value="sun.print.PSPrinterJob"/>
    <property name="user.language.format" value="pt"/>
    <property name="sun.os.patch.level" value="unknown"/>
    <property name="java.library.path" value="/usr/java/packages/lib/amd64:/usr/lib/x86_64-linux-gnu/jni:/lib/x86_64-linux-gnu:/usr/lib/x86_64-linux-gnu:/usr/lib/jni:/lib:/usr/lib"/>
    <property name="java.vm.info" value="mixed mode"/>
    <property name="java.vendor" value="Private Build"/>
    <property name="java.vm.version" value="25.265-b01"/>
    <property name="java.ext.dirs" value="/usr/lib/jvm/java-8-openjdk-amd64/jre/lib/ext:/usr/java/packages/lib/ext"/>
    <property name="sun.io.unicode.encoding" value="UnicodeLittle"/>
    <property name="java.class.version" value="52.0"/>
  </properties>
  <testcase name="testInvalidAccountID" classname="rho.challenge.sportsbook.model.BetTest" time="0"/>
  <testcase name="testInvalidStake" classname="rho.challenge.sportsbook.model.BetTest" time="0"/>
</testsuite>